[2024-10-01 12:26:17]	[info] incremental build: 26 source files changed
These source files will be recompiled
---
'e:\STM32SSC\STM32\STM32SSC_Engine\Code\Test_Code\4_PMSM\4_Odrive\Odrive_CAN_Test\Core\Src\can.c': object (.o) file not exist
'e:\STM32SSC\STM32\STM32SSC_Engine\Code\Test_Code\4_PMSM\4_Odrive\Odrive_CAN_Test\Core\Src\gpio.c': object (.o) file not exist
'e:\STM32SSC\STM32\STM32SSC_Engine\Code\Test_Code\4_PMSM\4_Odrive\Odrive_CAN_Test\Core\Src\main.c': object (.o) file not exist
'e:\STM32SSC\STM32\STM32SSC_Engine\Code\Test_Code\4_PMSM\4_Odrive\Odrive_CAN_Test\Core\Src\stm32f4xx_hal_msp.c': object (.o) file not exist
'e:\STM32SSC\STM32\STM32SSC_Engine\Code\Test_Code\4_PMSM\4_Odrive\Odrive_CAN_Test\Core\Src\stm32f4xx_it.c': object (.o) file not exist
'e:\STM32SSC\STM32\STM32SSC_Engine\Code\Test_Code\4_PMSM\4_Odrive\Odrive_CAN_Test\Core\Src\syscalls.c': object (.o) file not exist
'e:\STM32SSC\STM32\STM32SSC_Engine\Code\Test_Code\4_PMSM\4_Odrive\Odrive_CAN_Test\Core\Src\sysmem.c': object (.o) file not exist
'e:\STM32SSC\STM32\STM32SSC_Engine\Code\Test_Code\4_PMSM\4_Odrive\Odrive_CAN_Test\Core\Src\system_stm32f4xx.c': object (.o) file not exist
'e:\STM32SSC\STM32\STM32SSC_Engine\Code\Test_Code\4_PMSM\4_Odrive\Odrive_CAN_Test\Drivers\STM32F4xx_HAL_Driver\Src\stm32f4xx_hal.c': object (.o) file not exist
'e:\STM32SSC\STM32\STM32SSC_Engine\Code\Test_Code\4_PMSM\4_Odrive\Odrive_CAN_Test\Drivers\STM32F4xx_HAL_Driver\Src\stm32f4xx_hal_can.c': object (.o) file not exist
'e:\STM32SSC\STM32\STM32SSC_Engine\Code\Test_Code\4_PMSM\4_Odrive\Odrive_CAN_Test\Drivers\STM32F4xx_HAL_Driver\Src\stm32f4xx_hal_cortex.c': object (.o) file not exist
'e:\STM32SSC\STM32\STM32SSC_Engine\Code\Test_Code\4_PMSM\4_Odrive\Odrive_CAN_Test\Drivers\STM32F4xx_HAL_Driver\Src\stm32f4xx_hal_dma.c': object (.o) file not exist
'e:\STM32SSC\STM32\STM32SSC_Engine\Code\Test_Code\4_PMSM\4_Odrive\Odrive_CAN_Test\Drivers\STM32F4xx_HAL_Driver\Src\stm32f4xx_hal_dma_ex.c': object (.o) file not exist
'e:\STM32SSC\STM32\STM32SSC_Engine\Code\Test_Code\4_PMSM\4_Odrive\Odrive_CAN_Test\Drivers\STM32F4xx_HAL_Driver\Src\stm32f4xx_hal_exti.c': object (.o) file not exist
'e:\STM32SSC\STM32\STM32SSC_Engine\Code\Test_Code\4_PMSM\4_Odrive\Odrive_CAN_Test\Drivers\STM32F4xx_HAL_Driver\Src\stm32f4xx_hal_flash.c': object (.o) file not exist
'e:\STM32SSC\STM32\STM32SSC_Engine\Code\Test_Code\4_PMSM\4_Odrive\Odrive_CAN_Test\Drivers\STM32F4xx_HAL_Driver\Src\stm32f4xx_hal_flash_ex.c': object (.o) file not exist
'e:\STM32SSC\STM32\STM32SSC_Engine\Code\Test_Code\4_PMSM\4_Odrive\Odrive_CAN_Test\Drivers\STM32F4xx_HAL_Driver\Src\stm32f4xx_hal_flash_ramfunc.c': object (.o) file not exist
'e:\STM32SSC\STM32\STM32SSC_Engine\Code\Test_Code\4_PMSM\4_Odrive\Odrive_CAN_Test\Drivers\STM32F4xx_HAL_Driver\Src\stm32f4xx_hal_gpio.c': object (.o) file not exist
'e:\STM32SSC\STM32\STM32SSC_Engine\Code\Test_Code\4_PMSM\4_Odrive\Odrive_CAN_Test\Drivers\STM32F4xx_HAL_Driver\Src\stm32f4xx_hal_pwr.c': object (.o) file not exist
'e:\STM32SSC\STM32\STM32SSC_Engine\Code\Test_Code\4_PMSM\4_Odrive\Odrive_CAN_Test\Drivers\STM32F4xx_HAL_Driver\Src\stm32f4xx_hal_pwr_ex.c': object (.o) file not exist
'e:\STM32SSC\STM32\STM32SSC_Engine\Code\Test_Code\4_PMSM\4_Odrive\Odrive_CAN_Test\Drivers\STM32F4xx_HAL_Driver\Src\stm32f4xx_hal_rcc.c': object (.o) file not exist
'e:\STM32SSC\STM32\STM32SSC_Engine\Code\Test_Code\4_PMSM\4_Odrive\Odrive_CAN_Test\Drivers\STM32F4xx_HAL_Driver\Src\stm32f4xx_hal_rcc_ex.c': object (.o) file not exist
'e:\STM32SSC\STM32\STM32SSC_Engine\Code\Test_Code\4_PMSM\4_Odrive\Odrive_CAN_Test\Drivers\STM32F4xx_HAL_Driver\Src\stm32f4xx_hal_tim.c': object (.o) file not exist
'e:\STM32SSC\STM32\STM32SSC_Engine\Code\Test_Code\4_PMSM\4_Odrive\Odrive_CAN_Test\Drivers\STM32F4xx_HAL_Driver\Src\stm32f4xx_hal_tim_ex.c': object (.o) file not exist
'e:\STM32SSC\STM32\STM32SSC_Engine\Code\Test_Code\4_PMSM\4_Odrive\Odrive_CAN_Test\User\odrive.c': object (.o) file not exist
'e:\STM32SSC\STM32\STM32SSC_Engine\Code\Test_Code\4_PMSM\4_Odrive\Odrive_CAN_Test\startup_stm32f427xx.s': object (.o) file not exist

[2024-10-01 12:26:17]	compilation failed at : "e:\STM32SSC\STM32\STM32SSC_Engine\Code\Test_Code\4_PMSM\4_Odrive\Odrive_CAN_Test\User\odrive.c", exit code: 1
command: 
  "D:\Environment_Install\GNU Arm Toolchain\GNU Arm Embedded Toolchain\10 2021.10\bin\arm-none-eabi-gcc.exe" -c -xc -mthumb -std=c11 -ICore/Inc -IDrivers/STM32F4xx_HAL_Driver/Inc -IDrivers/STM32F4xx_HAL_Driver/Inc/Legacy -IDrivers/CMSIS/Device/ST/STM32F4xx/Include -IDrivers/CMSIS/Include -ICore/Src -IDrivers/STM32F4xx_HAL_Driver/Src -IUser -DUSE_HAL_DRIVER -DSTM32F427xx -mfloat-abi=softfp -mfpu=fpv4-sp-d16 -mcpu=cortex-m4 -Og -Wall -g --specs=nosys.specs --specs=nano.specs -ffunction-sections -fdata-sections -o ./build/Debug/.obj/User/odrive.o -MMD ./User/odrive.c
   at unify_builder.Program.compileByMulThread(Int32 thrNum, CmdInfo[] cmds_, List`1 errLogs)
   at unify_builder.Program.Main(String[] args_)
---
./User/odrive.c: In function 'odrive_init':
./User/odrive.c:129:5: warning: implicit declaration of function 'odrive_canfilter_init' [-Wimplicit-function-declaration]
  129 |     odrive_canfilter_init();
      |     ^~~~~~~~~~~~~~~~~~~~~
./User/odrive.c: At top level:
./User/odrive.c:135:6: warning: conflicting types for 'odrive_canfilter_init'
  135 | void odrive_canfilter_init(void)
      |      ^~~~~~~~~~~~~~~~~~~~~
./User/odrive.c:129:5: note: previous implicit declaration of 'odrive_canfilter_init' was here
  129 |     odrive_canfilter_init();
      |     ^~~~~~~~~~~~~~~~~~~~~
./User/odrive.c: In function 'get_axis_status':
./User/odrive.c:386:9: error: a label can only be part of a statement and a declaration is not a statement
  386 |         uint32_t *ptrEncPos;
      |         ^~~~~~~~
./User/odrive.c:401:9: error: a label can only be part of a statement and a declaration is not a statement
  401 |         uint32_t *ptrBusV;
      |         ^~~~~~~~
./User/odrive.c:411:9: error: a label can only be part of a statement and a declaration is not a statement
  411 |         uint32_t *ptrIqSet;
      |         ^~~~~~~~
At top level:
./User/odrive.c:61:13: warning: 'CAN_Get_Packet' defined but not used [-Wunused-function]
   61 | static void CAN_Get_Packet(CAN_HandleTypeDef *init, CAN_RX_Typedef *rx)
      |             ^~~~~~~~~~~~~~

[2024-10-01 12:26:41]	[info] incremental build: 1 source files changed
These source files will be recompiled
---
'e:\STM32SSC\STM32\STM32SSC_Engine\Code\Test_Code\4_PMSM\4_Odrive\Odrive_CAN_Test\User\odrive.c': object (.o) file not exist

[2024-10-01 12:26:41]	[done]
	build successfully !

[2024-10-01 12:30:03]	[info] incremental build: 2 source files changed
These source files will be recompiled
---
'e:\STM32SSC\STM32\STM32SSC_Engine\Code\Test_Code\4_PMSM\4_Odrive\Odrive_CAN_Test\Core\Src\main.c': source file has been changed.
'e:\STM32SSC\STM32\STM32SSC_Engine\Code\Test_Code\4_PMSM\4_Odrive\Odrive_CAN_Test\User\odrive.c': source file has been changed.

[2024-10-01 12:30:03]	[done]
	build successfully !

[2024-10-01 12:33:42]	[info] incremental build: 1 source files changed
These source files will be recompiled
---
'e:\STM32SSC\STM32\STM32SSC_Engine\Code\Test_Code\4_PMSM\4_Odrive\Odrive_CAN_Test\Core\Src\main.c': source file has been changed.

[2024-10-01 12:33:42]	compilation failed at : "e:\STM32SSC\STM32\STM32SSC_Engine\Code\Test_Code\4_PMSM\4_Odrive\Odrive_CAN_Test\Core\Src\main.c", exit code: 1
command: 
  "D:\Environment_Install\GNU Arm Toolchain\GNU Arm Embedded Toolchain\10 2021.10\bin\arm-none-eabi-gcc.exe" -c -xc -mthumb -std=c11 -ICore/Inc -IDrivers/STM32F4xx_HAL_Driver/Inc -IDrivers/STM32F4xx_HAL_Driver/Inc/Legacy -IDrivers/CMSIS/Device/ST/STM32F4xx/Include -IDrivers/CMSIS/Include -ICore/Src -IDrivers/STM32F4xx_HAL_Driver/Src -IUser -DUSE_HAL_DRIVER -DSTM32F427xx -mfloat-abi=softfp -mfpu=fpv4-sp-d16 -mcpu=cortex-m4 -Og -Wall -g --specs=nosys.specs --specs=nano.specs -ffunction-sections -fdata-sections -o ./build/Debug/.obj/Core/Src/main.o -MMD ./Core/Src/main.c
   at unify_builder.Program.Main(String[] args_)
---
./Core/Src/main.c: In function 'main':
./Core/Src/main.c:98:3: error: too few arguments to function 'Set_Input_Pos'
   98 |   Set_Input_Pos(odrive_axis[0], 30, 0);
      |   ^~~~~~~~~~~~~
In file included from ./Core/Src/main.c:26:
User/odrive.h:162:6: note: declared here
  162 | void Set_Input_Pos(axis_t Axis, float Input_Pos, int Vel_FF, int Torque_FF);
      |      ^~~~~~~~~~~~~

[2024-10-01 12:33:54]	[info] incremental build: 1 source files changed
These source files will be recompiled
---
'e:\STM32SSC\STM32\STM32SSC_Engine\Code\Test_Code\4_PMSM\4_Odrive\Odrive_CAN_Test\Core\Src\main.c': source file has been changed.

[2024-10-01 12:33:54]	[done]
	build successfully !

[2024-10-01 12:38:41]	[info] incremental build: 1 source files changed
These source files will be recompiled
---
'e:\STM32SSC\STM32\STM32SSC_Engine\Code\Test_Code\4_PMSM\4_Odrive\Odrive_CAN_Test\Core\Src\main.c': source file has been changed.

[2024-10-01 12:38:42]	[done]
	build successfully !

[2024-10-01 12:40:07]	[done]
	build successfully !

[2024-10-01 12:40:35]	[done]
	build successfully !

[2024-10-01 12:41:32]	[info] incremental build: 1 source files changed
These source files will be recompiled
---
'e:\STM32SSC\STM32\STM32SSC_Engine\Code\Test_Code\4_PMSM\4_Odrive\Odrive_CAN_Test\Core\Src\main.c': source file has been changed.

[2024-10-01 12:41:33]	[done]
	build successfully !

[2024-10-01 12:49:55]	[info] incremental build: 1 source files changed
These source files will be recompiled
---
'e:\STM32SSC\STM32\STM32SSC_Engine\Code\Test_Code\4_PMSM\4_Odrive\Odrive_CAN_Test\Core\Src\main.c': source file has been changed.

[2024-10-01 12:49:55]	[done]
	build successfully !

[2024-10-01 12:53:12]	[done]
	build successfully !

[2024-10-01 12:53:47]	[info] incremental build: 1 source files changed
These source files will be recompiled
---
'e:\STM32SSC\STM32\STM32SSC_Engine\Code\Test_Code\4_PMSM\4_Odrive\Odrive_CAN_Test\Core\Src\main.c': source file has been changed.

[2024-10-01 12:53:48]	[done]
	build successfully !

[2024-10-01 12:55:50]	[info] incremental build: 1 source files changed
These source files will be recompiled
---
'e:\STM32SSC\STM32\STM32SSC_Engine\Code\Test_Code\4_PMSM\4_Odrive\Odrive_CAN_Test\Core\Src\main.c': source file has been changed.

[2024-10-01 12:55:50]	[done]
	build successfully !

